0 info it worked if it ends with ok
1 verbose cli [ '/usr/local/bin/node', '/usr/local/bin/npm', 'publish' ]
2 info using npm@3.10.10
3 info using node@v7.3.0
4 verbose publish [ '.' ]
5 silly cache add args [ '.', null ]
6 verbose cache add spec .
7 silly cache add parsed spec Result {
7 silly cache add   raw: '.',
7 silly cache add   scope: null,
7 silly cache add   escapedName: null,
7 silly cache add   name: null,
7 silly cache add   rawSpec: '.',
7 silly cache add   spec: '/Users/neil/webdev/statyck-theme-default',
7 silly cache add   type: 'directory' }
8 verbose addLocalDirectory /Users/neil/.npm/statyck-theme-default/1.0.0/package.tgz not in flight; packing
9 verbose correctMkdir /Users/neil/.npm correctMkdir not in flight; initializing
10 info lifecycle statyck-theme-default@1.0.0~prepublish: statyck-theme-default@1.0.0
11 silly lifecycle statyck-theme-default@1.0.0~prepublish: no script for prepublish, continuing
12 verbose tar pack [ '/Users/neil/.npm/statyck-theme-default/1.0.0/package.tgz',
12 verbose tar pack   '/Users/neil/webdev/statyck-theme-default' ]
13 verbose tarball /Users/neil/.npm/statyck-theme-default/1.0.0/package.tgz
14 verbose folder /Users/neil/webdev/statyck-theme-default
15 verbose addLocalTarball adding from inside cache /Users/neil/.npm/statyck-theme-default/1.0.0/package.tgz
16 verbose correctMkdir /Users/neil/.npm correctMkdir not in flight; initializing
17 silly cache afterAdd statyck-theme-default@1.0.0
18 verbose afterAdd /Users/neil/.npm/statyck-theme-default/1.0.0/package/package.json not in flight; writing
19 verbose correctMkdir /Users/neil/.npm correctMkdir not in flight; initializing
20 verbose afterAdd /Users/neil/.npm/statyck-theme-default/1.0.0/package/package.json written
21 silly publish { name: 'statyck-theme-default',
21 silly publish   version: '1.0.0',
21 silly publish   description: 'Default theme for Statyck (https://github.com/neilstuartcraig/statyck)',
21 silly publish   scripts: { postinstall: 'scripts/post-install.js' },
21 silly publish   repository:
21 silly publish    { type: 'git',
21 silly publish      url: 'git+https://github.com/neilstuartcraig/statyck-theme-default.git' },
21 silly publish   keywords: [ 'statyck', 'theme' ],
21 silly publish   author: { name: 'Neil Craig', email: 'neil.craig@thedotproduct.org' },
21 silly publish   license: 'MIT',
21 silly publish   bugs: { url: 'https://github.com/neilstuartcraig/statyck-theme-default/issues' },
21 silly publish   homepage: 'https://github.com/neilstuartcraig/statyck-theme-default#readme',
21 silly publish   dependencies: { 'fs-extra': '^2.1.2' },
21 silly publish   readme: '# Statyck-theme-default\n\nThe default theme for [Statyck](https://github.com/neilstuartcraig/statyck).\n\n\n## Installation\n\nYou can install this Statyck theme via (assuming you\'re currently in the directory/folder which you\'d like to host your new blog):\n\n```\nnpm install statyck-theme-default --production >> /dev/null 2>&1\n```\n\n(note: you may need to omit the `>> /dev/null 2>&1` on non-*nix OS\'s e.g. Windows)\n\n\n## Theme development\n\n### Naming\nIt\'d be helpful if all themes NPM packages are named according to a convention so they can be easily found:\n\n`statyck-theme-<theme-name>`\n\n### Mandatory elements for Statyck themes\nA theme has a few mandatory elements: \n\n#### Config\nThemes _must_ copy (you can automate it as per the default theme or ask users to do it manually) a config file named `theme-config.json` into `<blog root>/statyck-config/`. This config file _must_ be a valid JSON file and _must_ contain at least a property in the root named `sourceDir` which is a path to the theme root directory (relative to the blog root directory).\n\n#### Mandatory files \nThemes _must_ include the following files in the root (the path specified by `sourceDir` in the `theme-config.json` file):\n\n* `page.html` - the handlebars template file used for each individual page\n* `pages-index.html` - the handlebars template file used to create an index for your pages (often this will be an HTML `<ul>` or similar)\n* `post.html` - the handlebars template file used for each individual blog post\n* `posts-index.html` - the handlebars template file used to create a paginated index for your blog posts (usually these will be full HTML pages)\n\n#### Assets\nThe default theme contains a directory called `assets` which has sub-directories containing asset files (css, js, images, media etc.). This is not mandatory but is generally recommended as a way to contain your page assets. Assets are referenced (in Markdown) relative to their host page e.g. `./assets/images/some-image.jpg`.\n\n',
21 silly publish   readmeFilename: 'readme.md',
21 silly publish   gitHead: 'eefc183a682e4cf304dbda034463234d35bef716',
21 silly publish   _id: 'statyck-theme-default@1.0.0',
21 silly publish   _shasum: '8bbde5e2561963ba4af25b3be0916f000438b7d1',
21 silly publish   _from: '.' }
22 verbose getPublishConfig undefined
23 silly mapToRegistry name statyck-theme-default
24 silly mapToRegistry using default registry
25 silly mapToRegistry registry https://registry.npmjs.org/
26 silly mapToRegistry data Result {
26 silly mapToRegistry   raw: 'statyck-theme-default',
26 silly mapToRegistry   scope: null,
26 silly mapToRegistry   escapedName: 'statyck-theme-default',
26 silly mapToRegistry   name: 'statyck-theme-default',
26 silly mapToRegistry   rawSpec: '',
26 silly mapToRegistry   spec: 'latest',
26 silly mapToRegistry   type: 'tag' }
27 silly mapToRegistry uri https://registry.npmjs.org/statyck-theme-default
28 verbose publish registryBase https://registry.npmjs.org/
29 silly publish uploading /Users/neil/.npm/statyck-theme-default/1.0.0/package.tgz
30 verbose request uri https://registry.npmjs.org/statyck-theme-default
31 verbose request sending authorization for write operation
32 info attempt registry request try #1 at 10:23:24 PM
33 verbose request using bearer token for auth
34 verbose request id ac876c01dcb93dd8
35 http request PUT https://registry.npmjs.org/statyck-theme-default
36 http 403 https://registry.npmjs.org/statyck-theme-default
37 verbose headers { 'content-type': 'application/json',
37 verbose headers   'cache-control': 'max-age=300',
37 verbose headers   'content-length': '95',
37 verbose headers   'accept-ranges': 'bytes',
37 verbose headers   date: 'Mon, 24 Apr 2017 21:23:25 GMT',
37 verbose headers   via: '1.1 varnish',
37 verbose headers   connection: 'keep-alive',
37 verbose headers   'x-served-by': 'cache-lhr6330-LHR',
37 verbose headers   'x-cache': 'MISS',
37 verbose headers   'x-cache-hits': '0',
37 verbose headers   'x-timer': 'S1493069004.468424,VS0,VE819',
37 verbose headers   vary: 'Accept-Encoding' }
38 verbose request invalidating /Users/neil/.npm/registry.npmjs.org/statyck-theme-default on PUT
39 error publish Failed PUT 403
40 verbose stack Error: "You cannot publish over the previously published version 1.0.0." : statyck-theme-default
40 verbose stack     at makeError (/usr/local/lib/node_modules/npm/node_modules/npm-registry-client/lib/request.js:302:12)
40 verbose stack     at CachingRegistryClient.<anonymous> (/usr/local/lib/node_modules/npm/node_modules/npm-registry-client/lib/request.js:290:14)
40 verbose stack     at Request._callback (/usr/local/lib/node_modules/npm/node_modules/npm-registry-client/lib/request.js:210:14)
40 verbose stack     at Request.self.callback (/usr/local/lib/node_modules/npm/node_modules/request/request.js:187:22)
40 verbose stack     at emitTwo (events.js:106:13)
40 verbose stack     at Request.emit (events.js:191:7)
40 verbose stack     at Request.<anonymous> (/usr/local/lib/node_modules/npm/node_modules/request/request.js:1048:10)
40 verbose stack     at emitOne (events.js:96:13)
40 verbose stack     at Request.emit (events.js:188:7)
40 verbose stack     at IncomingMessage.<anonymous> (/usr/local/lib/node_modules/npm/node_modules/request/request.js:969:12)
41 verbose statusCode 403
42 verbose pkgid statyck-theme-default
43 verbose cwd /Users/neil/webdev/statyck-theme-default
44 error Darwin 16.5.0
45 error argv "/usr/local/bin/node" "/usr/local/bin/npm" "publish"
46 error node v7.3.0
47 error npm  v3.10.10
48 error code E403
49 error "You cannot publish over the previously published version 1.0.0." : statyck-theme-default
50 error If you need help, you may report this error at:
50 error     <https://github.com/npm/npm/issues>
51 verbose exit [ 1, true ]
